2018-06-13 17:17:56.933 [main] INFO  com.fan.o2o.dao.AwardDaoTest - Starting AwardDaoTest on LAPTOP-H556HPMO with PID 124372 (started by fanlx in E:\springBoot_space\o2o)
2018-06-13 17:17:56.941 [main] INFO  com.fan.o2o.dao.AwardDaoTest - No active profile set, falling back to default profiles: default
2018-06-13 17:18:01.870 [main] INFO  com.fan.o2o.dao.AwardDaoTest - Starting AwardDaoTest on LAPTOP-H556HPMO with PID 124372 (started by fanlx in E:\springBoot_space\o2o)
2018-06-13 17:18:01.876 [main] INFO  com.fan.o2o.dao.AwardDaoTest - No active profile set, falling back to default profiles: default
2018-06-13 17:18:02.881 [main] INFO  com.fan.o2o.dao.AwardDaoTest - Starting AwardDaoTest on LAPTOP-H556HPMO with PID 124372 (started by fanlx in E:\springBoot_space\o2o)
2018-06-13 17:18:02.885 [main] INFO  com.fan.o2o.dao.AwardDaoTest - No active profile set, falling back to default profiles: default
2018-06-13 17:18:03.822 [main] INFO  com.fan.o2o.dao.AwardDaoTest - Starting AwardDaoTest on LAPTOP-H556HPMO with PID 124372 (started by fanlx in E:\springBoot_space\o2o)
2018-06-13 17:18:03.823 [main] INFO  com.fan.o2o.dao.AwardDaoTest - No active profile set, falling back to default profiles: default
2018-06-13 17:18:04.482 [main] INFO  com.fan.o2o.dao.AwardDaoTest - Starting AwardDaoTest on LAPTOP-H556HPMO with PID 124372 (started by fanlx in E:\springBoot_space\o2o)
2018-06-13 17:18:04.484 [main] INFO  com.fan.o2o.dao.AwardDaoTest - No active profile set, falling back to default profiles: default
2018-06-13 17:21:42.298 [main] INFO  com.fan.o2o.dao.AwardDaoTest - Starting AwardDaoTest on LAPTOP-H556HPMO with PID 62404 (started by fanlx in E:\springBoot_space\o2o)
2018-06-13 17:21:42.308 [main] INFO  com.fan.o2o.dao.AwardDaoTest - No active profile set, falling back to default profiles: default
2018-06-13 17:21:45.932 [main] INFO  com.fan.o2o.dao.AwardDaoTest - Starting AwardDaoTest on LAPTOP-H556HPMO with PID 62404 (started by fanlx in E:\springBoot_space\o2o)
2018-06-13 17:21:45.934 [main] INFO  com.fan.o2o.dao.AwardDaoTest - No active profile set, falling back to default profiles: default
2018-06-13 17:21:46.940 [main] INFO  com.fan.o2o.dao.AwardDaoTest - Starting AwardDaoTest on LAPTOP-H556HPMO with PID 62404 (started by fanlx in E:\springBoot_space\o2o)
2018-06-13 17:21:46.940 [main] INFO  com.fan.o2o.dao.AwardDaoTest - No active profile set, falling back to default profiles: default
2018-06-13 17:21:47.641 [main] INFO  com.fan.o2o.dao.AwardDaoTest - Starting AwardDaoTest on LAPTOP-H556HPMO with PID 62404 (started by fanlx in E:\springBoot_space\o2o)
2018-06-13 17:21:47.642 [main] INFO  com.fan.o2o.dao.AwardDaoTest - No active profile set, falling back to default profiles: default
2018-06-13 17:21:48.282 [main] INFO  com.fan.o2o.dao.AwardDaoTest - Starting AwardDaoTest on LAPTOP-H556HPMO with PID 62404 (started by fanlx in E:\springBoot_space\o2o)
2018-06-13 17:21:48.283 [main] INFO  com.fan.o2o.dao.AwardDaoTest - No active profile set, falling back to default profiles: default
2018-06-13 22:00:35.302 [main] INFO  com.fan.o2o.dao.AreaDaoTest - Starting AreaDaoTest on LAPTOP-H556HPMO with PID 10984 (started by fanlx in E:\springBoot_space\o2o)
2018-06-13 22:00:35.306 [main] INFO  com.fan.o2o.dao.AreaDaoTest - No active profile set, falling back to default profiles: default
2018-06-13 22:23:54.896 [main] INFO  com.fan.o2o.dao.AreaDaoTest - Starting AreaDaoTest on LAPTOP-H556HPMO with PID 4844 (started by fanlx in E:\springBoot_space\o2o)
2018-06-13 22:23:54.901 [main] INFO  com.fan.o2o.dao.AreaDaoTest - No active profile set, falling back to default profiles: default
2018-06-13 22:31:51.622 [main] INFO  com.fan.o2o.dao.AreaDaoTest - Starting AreaDaoTest on LAPTOP-H556HPMO with PID 10056 (started by fanlx in E:\springBoot_space\o2o)
2018-06-13 22:31:51.625 [main] INFO  com.fan.o2o.dao.AreaDaoTest - No active profile set, falling back to default profiles: default
2018-06-13 22:31:55.828 [main] INFO  com.fan.o2o.dao.AreaDaoTest - Started AreaDaoTest in 4.515 seconds (JVM running for 5.861)
2018-06-13 22:32:28.629 [main] INFO  com.fan.o2o.dao.AwardDaoTest - Starting AwardDaoTest on LAPTOP-H556HPMO with PID 236 (started by fanlx in E:\springBoot_space\o2o)
2018-06-13 22:32:28.636 [main] INFO  com.fan.o2o.dao.AwardDaoTest - No active profile set, falling back to default profiles: default
2018-06-13 22:32:32.674 [main] INFO  com.fan.o2o.dao.AwardDaoTest - Started AwardDaoTest in 4.35 seconds (JVM running for 5.568)
2018-06-13 22:33:47.468 [main] INFO  com.fan.o2o.dao.AwardDaoTest - Starting AwardDaoTest on LAPTOP-H556HPMO with PID 5196 (started by fanlx in E:\springBoot_space\o2o)
2018-06-13 22:33:47.473 [main] INFO  com.fan.o2o.dao.AwardDaoTest - No active profile set, falling back to default profiles: default
2018-06-13 22:33:51.595 [main] INFO  com.fan.o2o.dao.AwardDaoTest - Started AwardDaoTest in 4.427 seconds (JVM running for 5.573)
2018-06-13 22:35:46.807 [main] INFO  com.fan.o2o.dao.AwardDaoTest - Starting AwardDaoTest on LAPTOP-H556HPMO with PID 4308 (started by fanlx in E:\springBoot_space\o2o)
2018-06-13 22:35:46.810 [main] INFO  com.fan.o2o.dao.AwardDaoTest - No active profile set, falling back to default profiles: default
2018-06-13 22:35:50.854 [main] INFO  com.fan.o2o.dao.AwardDaoTest - Started AwardDaoTest in 4.316 seconds (JVM running for 5.51)
2018-06-13 22:48:41.624 [main] INFO  com.fan.o2o.dao.UserAwardMapDaoTest - Starting UserAwardMapDaoTest on LAPTOP-H556HPMO with PID 2416 (started by fanlx in E:\springBoot_space\o2o)
2018-06-13 22:48:41.629 [main] INFO  com.fan.o2o.dao.UserAwardMapDaoTest - No active profile set, falling back to default profiles: default
2018-06-13 22:48:47.593 [main] INFO  com.fan.o2o.dao.UserAwardMapDaoTest - Started UserAwardMapDaoTest in 6.404 seconds (JVM running for 8.381)
2018-06-13 22:49:56.574 [main] INFO  com.fan.o2o.dao.UserAwardMapDaoTest - Starting UserAwardMapDaoTest on LAPTOP-H556HPMO with PID 3608 (started by fanlx in E:\springBoot_space\o2o)
2018-06-13 22:49:56.577 [main] INFO  com.fan.o2o.dao.UserAwardMapDaoTest - No active profile set, falling back to default profiles: default
2018-06-13 22:50:01.101 [main] INFO  com.fan.o2o.dao.UserAwardMapDaoTest - Started UserAwardMapDaoTest in 4.839 seconds (JVM running for 6.13)
2018-06-13 22:51:37.963 [main] INFO  com.fan.o2o.dao.UserAwardMapDaoTest - Starting UserAwardMapDaoTest on LAPTOP-H556HPMO with PID 11368 (started by fanlx in E:\springBoot_space\o2o)
2018-06-13 22:51:37.967 [main] INFO  com.fan.o2o.dao.UserAwardMapDaoTest - No active profile set, falling back to default profiles: default
2018-06-13 22:51:42.677 [main] INFO  com.fan.o2o.dao.UserAwardMapDaoTest - Started UserAwardMapDaoTest in 5.058 seconds (JVM running for 6.528)
2018-06-13 22:52:39.700 [main] INFO  com.fan.o2o.dao.UserAwardMapDaoTest - Starting UserAwardMapDaoTest on LAPTOP-H556HPMO with PID 4760 (started by fanlx in E:\springBoot_space\o2o)
2018-06-13 22:52:39.704 [main] INFO  com.fan.o2o.dao.UserAwardMapDaoTest - No active profile set, falling back to default profiles: default
2018-06-13 22:52:44.836 [main] INFO  com.fan.o2o.dao.UserAwardMapDaoTest - Started UserAwardMapDaoTest in 5.49 seconds (JVM running for 6.7)
2018-06-13 23:03:45.101 [main] INFO  com.fan.o2o.dao.UserProductMapDaoTest - Starting UserProductMapDaoTest on LAPTOP-H556HPMO with PID 1688 (started by fanlx in E:\springBoot_space\o2o)
2018-06-13 23:03:45.104 [main] INFO  com.fan.o2o.dao.UserProductMapDaoTest - No active profile set, falling back to default profiles: default
2018-06-13 23:03:49.453 [main] INFO  com.fan.o2o.dao.UserProductMapDaoTest - Started UserProductMapDaoTest in 4.708 seconds (JVM running for 5.951)
2018-06-13 23:14:40.053 [main] INFO  com.fan.o2o.dao.ProductSellDailyDaoTest - Starting ProductSellDailyDaoTest on LAPTOP-H556HPMO with PID 13124 (started by fanlx in E:\springBoot_space\o2o)
2018-06-13 23:14:40.067 [main] INFO  com.fan.o2o.dao.ProductSellDailyDaoTest - No active profile set, falling back to default profiles: default
2018-06-13 23:14:45.546 [main] INFO  com.fan.o2o.dao.ProductSellDailyDaoTest - Started ProductSellDailyDaoTest in 5.861 seconds (JVM running for 7.516)
2018-06-13 23:28:39.130 [main] INFO  com.fan.o2o.dao.UserShopMapDaoTest - Starting UserShopMapDaoTest on LAPTOP-H556HPMO with PID 4860 (started by fanlx in E:\springBoot_space\o2o)
2018-06-13 23:28:39.138 [main] INFO  com.fan.o2o.dao.UserShopMapDaoTest - No active profile set, falling back to default profiles: default
2018-06-13 23:28:44.871 [main] INFO  com.fan.o2o.dao.UserShopMapDaoTest - Started UserShopMapDaoTest in 6.153 seconds (JVM running for 7.748)
2018-06-13 23:36:45.019 [main] INFO  com.fan.o2o.dao.ShopAuthMapDaoTest - Starting ShopAuthMapDaoTest on LAPTOP-H556HPMO with PID 2420 (started by fanlx in E:\springBoot_space\o2o)
2018-06-13 23:36:45.024 [main] INFO  com.fan.o2o.dao.ShopAuthMapDaoTest - No active profile set, falling back to default profiles: default
2018-06-13 23:36:50.328 [main] INFO  com.fan.o2o.dao.ShopAuthMapDaoTest - Started ShopAuthMapDaoTest in 5.734 seconds (JVM running for 7.134)
